<?xml version="1.0" encoding="UTF-8"?>
<!-- Generated by org.testng.reporters.JUnitReportReporter -->
<testsuite skipped="0" hostname="shapan-HP" name="com.qa.testcases.Test1" tests="1" failures="0" timestamp="2020-10-17T22:09:15 EDT" time="11.658" errors="0">
  <testcase name="logintest" time="11.658" classname="com.qa.testcases.Test1"/>
  <system-out/>
</testsuite> <!-- com.qa.testcases.Test1 -->
