<?xml version="1.0" encoding="UTF-8"?>
<!-- Generated by org.testng.reporters.JUnitReportReporter -->
<testsuite skipped="0" hostname="shapan-HP" name="com.qa.testcases.Logintest" tests="1" failures="0" timestamp="2020-12-08T13:54:03 EST" time="5.051" errors="0">
  <testcase name="loginDemo" time="5.051" classname="com.qa.testcases.Logintest"/>
  <system-out/>
</testsuite> <!-- com.qa.testcases.Logintest -->
