<?xml version="1.0" encoding="UTF-8"?>
<!-- Generated by org.testng.reporters.JUnitReportReporter -->
<testsuite skipped="0" hostname="shapan-HP" name="com.qa.testcases.Logintest" tests="1" failures="0" timestamp="2020-10-27T17:54:51 EDT" time="4.886" errors="0">
  <testcase name="loginDemo" time="4.886" classname="com.qa.testcases.Logintest"/>
  <system-out/>
</testsuite> <!-- com.qa.testcases.Logintest -->
